<?xml version="1.0" encoding="UTF-8"?>
<testsuite name="com.studyboard.user.application.service.UserApplicationServiceTest" tests="8" skipped="0" failures="0" errors="0" timestamp="2025-02-06T15:56:34" hostname="YoungWookui-MacBookPro.local" time="0.401">
  <properties/>
  <testcase name="유저 생성 실패 - 중복 email" classname="com.studyboard.user.application.service.UserApplicationServiceTest" time="0.383"/>
  <testcase name="유저 생성 성공" classname="com.studyboard.user.application.service.UserApplicationServiceTest" time="0.004"/>
  <testcase name="비밀번호 업데이트 성공" classname="com.studyboard.user.application.service.UserApplicationServiceTest" time="0.005"/>
  <testcase name="유저 생성 실패 - DB 에러" classname="com.studyboard.user.application.service.UserApplicationServiceTest" time="0.002"/>
  <testcase name="유저 생성 실패 - Email 형식 오류" classname="com.studyboard.user.application.service.UserApplicationServiceTest" time="0.001"/>
  <testcase name="비밀번호 업데이트 실패 - 현재 비밀번호 불일치" classname="com.studyboard.user.application.service.UserApplicationServiceTest" time="0.002"/>
  <testcase name="유저 생성 실패 - password 규칙이 맞지 않음" classname="com.studyboard.user.application.service.UserApplicationServiceTest" time="0.001"/>
  <testcase name="유저를 찾을 수 없음" classname="com.studyboard.user.application.service.UserApplicationServiceTest" time="0.001"/>
  <system-out><![CDATA[]]></system-out>
  <system-err><![CDATA[]]></system-err>
</testsuite>
